<?xml version="1.0" encoding="UTF-8"?>
<testng-results ignored="0" total="9" passed="9" failed="0" skipped="0">
  <reporter-output>
  </reporter-output>
  <suite started-at="2021-11-26T11:11:30 IST" name="Suite" finished-at="2021-11-26T11:19:37 IST" duration-ms="487129">
    <groups>
      <group name="cucumber">
        <method signature="AbstractTestNGCucumberTests.runScenario(io.cucumber.testng.PickleWrapper,io.cucumber.testng.FeatureWrapper)[pri:0, instance:runner.TestRunner@942a29c]" name="runScenario" class="io.cucumber.testng.AbstractTestNGCucumberTests"/>
      </group> <!-- cucumber -->
    </groups>
    <test started-at="2021-11-26T11:11:30 IST" name="Test" finished-at="2021-11-26T11:19:37 IST" duration-ms="487129">
      <class name="runner.TestRunner">
        <test-method is-config="true" signature="setUpClass(org.testng.ITestContext)[pri:0, instance:runner.TestRunner@942a29c]" started-at="2021-11-26T11:11:30 IST" name="setUpClass" finished-at="2021-11-26T11:11:31 IST" duration-ms="1107" status="PASS">
          <params>
            <param index="0">
              <value>
                <![CDATA[org.testng.TestRunner@65ddee5a]]>
              </value>
            </param>
          </params>
          <reporter-output>
          </reporter-output>
        </test-method> <!-- setUpClass -->
        <test-method signature="runScenario(io.cucumber.testng.PickleWrapper,io.cucumber.testng.FeatureWrapper)[pri:0, instance:runner.TestRunner@942a29c]" started-at="2021-11-26T11:11:31 IST" name="runScenario" description="Runs Cucumber Scenarios" data-provider="scenarios" finished-at="2021-11-26T11:12:24 IST" duration-ms="52801" status="PASS">
          <params>
            <param index="0">
              <value>
                <![CDATA["Test Validating"]]>
              </value>
            </param>
            <param index="1">
              <value>
                <![CDATA["Optional[Testing Bigsmall]"]]>
              </value>
            </param>
          </params>
          <reporter-output>
          </reporter-output>
        </test-method> <!-- runScenario -->
        <test-method signature="runScenario(io.cucumber.testng.PickleWrapper,io.cucumber.testng.FeatureWrapper)[pri:0, instance:runner.TestRunner@942a29c]" started-at="2021-11-26T11:12:24 IST" name="runScenario" description="Runs Cucumber Scenarios" data-provider="scenarios" finished-at="2021-11-26T11:13:14 IST" duration-ms="49706" status="PASS">
          <params>
            <param index="0">
              <value>
                <![CDATA["Test Validating"]]>
              </value>
            </param>
            <param index="1">
              <value>
                <![CDATA["Optional[Testing Bigsmall]"]]>
              </value>
            </param>
          </params>
          <reporter-output>
          </reporter-output>
        </test-method> <!-- runScenario -->
        <test-method signature="runScenario(io.cucumber.testng.PickleWrapper,io.cucumber.testng.FeatureWrapper)[pri:0, instance:runner.TestRunner@942a29c]" started-at="2021-11-26T11:13:14 IST" name="runScenario" description="Runs Cucumber Scenarios" data-provider="scenarios" finished-at="2021-11-26T11:14:20 IST" duration-ms="65812" status="PASS">
          <params>
            <param index="0">
              <value>
                <![CDATA["Searching"]]>
              </value>
            </param>
            <param index="1">
              <value>
                <![CDATA["Optional[Testing Bigsmall]"]]>
              </value>
            </param>
          </params>
          <reporter-output>
          </reporter-output>
        </test-method> <!-- runScenario -->
        <test-method signature="runScenario(io.cucumber.testng.PickleWrapper,io.cucumber.testng.FeatureWrapper)[pri:0, instance:runner.TestRunner@942a29c]" started-at="2021-11-26T11:14:20 IST" name="runScenario" description="Runs Cucumber Scenarios" data-provider="scenarios" finished-at="2021-11-26T11:15:19 IST" duration-ms="59914" status="PASS">
          <params>
            <param index="0">
              <value>
                <![CDATA["pincode checking"]]>
              </value>
            </param>
            <param index="1">
              <value>
                <![CDATA["Optional[Testing Bigsmall]"]]>
              </value>
            </param>
          </params>
          <reporter-output>
          </reporter-output>
        </test-method> <!-- runScenario -->
        <test-method signature="runScenario(io.cucumber.testng.PickleWrapper,io.cucumber.testng.FeatureWrapper)[pri:0, instance:runner.TestRunner@942a29c]" started-at="2021-11-26T11:15:19 IST" name="runScenario" description="Runs Cucumber Scenarios" data-provider="scenarios" finished-at="2021-11-26T11:16:06 IST" duration-ms="46442" status="PASS">
          <params>
            <param index="0">
              <value>
                <![CDATA["Wish List"]]>
              </value>
            </param>
            <param index="1">
              <value>
                <![CDATA["Optional[Testing Bigsmall]"]]>
              </value>
            </param>
          </params>
          <reporter-output>
          </reporter-output>
        </test-method> <!-- runScenario -->
        <test-method signature="runScenario(io.cucumber.testng.PickleWrapper,io.cucumber.testng.FeatureWrapper)[pri:0, instance:runner.TestRunner@942a29c]" started-at="2021-11-26T11:16:06 IST" name="runScenario" description="Runs Cucumber Scenarios" data-provider="scenarios" finished-at="2021-11-26T11:16:35 IST" duration-ms="29027" status="PASS">
          <params>
            <param index="0">
              <value>
                <![CDATA["new Links"]]>
              </value>
            </param>
            <param index="1">
              <value>
                <![CDATA["Optional[Testing Bigsmall]"]]>
              </value>
            </param>
          </params>
          <reporter-output>
          </reporter-output>
        </test-method> <!-- runScenario -->
        <test-method signature="runScenario(io.cucumber.testng.PickleWrapper,io.cucumber.testng.FeatureWrapper)[pri:0, instance:runner.TestRunner@942a29c]" started-at="2021-11-26T11:16:35 IST" name="runScenario" description="Runs Cucumber Scenarios" data-provider="scenarios" finished-at="2021-11-26T11:17:09 IST" duration-ms="34200" status="PASS">
          <params>
            <param index="0">
              <value>
                <![CDATA["Footer"]]>
              </value>
            </param>
            <param index="1">
              <value>
                <![CDATA["Optional[Testing Bigsmall]"]]>
              </value>
            </param>
          </params>
          <reporter-output>
          </reporter-output>
        </test-method> <!-- runScenario -->
        <test-method signature="runScenario(io.cucumber.testng.PickleWrapper,io.cucumber.testng.FeatureWrapper)[pri:0, instance:runner.TestRunner@942a29c]" started-at="2021-11-26T11:17:09 IST" name="runScenario" description="Runs Cucumber Scenarios" data-provider="scenarios" finished-at="2021-11-26T11:18:08 IST" duration-ms="58953" status="PASS">
          <params>
            <param index="0">
              <value>
                <![CDATA["AddtoWishlist"]]>
              </value>
            </param>
            <param index="1">
              <value>
                <![CDATA["Optional[Testing Bigsmall]"]]>
              </value>
            </param>
          </params>
          <reporter-output>
          </reporter-output>
        </test-method> <!-- runScenario -->
        <test-method signature="runScenario(io.cucumber.testng.PickleWrapper,io.cucumber.testng.FeatureWrapper)[pri:0, instance:runner.TestRunner@942a29c]" started-at="2021-11-26T11:18:08 IST" name="runScenario" description="Runs Cucumber Scenarios" data-provider="scenarios" finished-at="2021-11-26T11:19:36 IST" duration-ms="87689" status="PASS">
          <params>
            <param index="0">
              <value>
                <![CDATA["MouseHover"]]>
              </value>
            </param>
            <param index="1">
              <value>
                <![CDATA["Optional[Testing Bigsmall]"]]>
              </value>
            </param>
          </params>
          <reporter-output>
          </reporter-output>
        </test-method> <!-- runScenario -->
        <test-method is-config="true" signature="tearDownClass()[pri:0, instance:runner.TestRunner@942a29c]" started-at="2021-11-26T11:19:36 IST" name="tearDownClass" finished-at="2021-11-26T11:19:37 IST" duration-ms="912" status="PASS">
          <reporter-output>
          </reporter-output>
        </test-method> <!-- tearDownClass -->
      </class> <!-- runner.TestRunner -->
    </test> <!-- Test -->
  </suite> <!-- Suite -->
</testng-results>
