<?xml version="1.0" encoding="UTF-8"?>
<testng-results ignored="0" total="9" passed="9" failed="0" skipped="0">
  <reporter-output>
  </reporter-output>
  <suite started-at="2021-11-22T13:20:06 IST" name="Suite" finished-at="2021-11-22T13:27:08 IST" duration-ms="422301">
    <groups>
      <group name="cucumber">
        <method signature="AbstractTestNGCucumberTests.runScenario(io.cucumber.testng.PickleWrapper,io.cucumber.testng.FeatureWrapper)[pri:0, instance:runner.TestRunner@942a29c]" name="runScenario" class="io.cucumber.testng.AbstractTestNGCucumberTests"/>
      </group> <!-- cucumber -->
    </groups>
    <test started-at="2021-11-22T13:20:06 IST" name="Test" finished-at="2021-11-22T13:27:08 IST" duration-ms="422301">
      <class name="runner.TestRunner">
        <test-method is-config="true" signature="setUpClass(org.testng.ITestContext)[pri:0, instance:runner.TestRunner@942a29c]" started-at="2021-11-22T13:20:06 IST" name="setUpClass" finished-at="2021-11-22T13:20:11 IST" duration-ms="4833" status="PASS">
          <params>
            <param index="0">
              <value>
                <![CDATA[org.testng.TestRunner@77f68df]]>
              </value>
            </param>
          </params>
          <reporter-output>
          </reporter-output>
        </test-method> <!-- setUpClass -->
        <test-method signature="runScenario(io.cucumber.testng.PickleWrapper,io.cucumber.testng.FeatureWrapper)[pri:0, instance:runner.TestRunner@942a29c]" started-at="2021-11-22T13:20:11 IST" name="runScenario" description="Runs Cucumber Scenarios" data-provider="scenarios" finished-at="2021-11-22T13:22:12 IST" duration-ms="120893" status="PASS">
          <params>
            <param index="0">
              <value>
                <![CDATA["Test Validating"]]>
              </value>
            </param>
            <param index="1">
              <value>
                <![CDATA["Optional[Testing Bigsmall]"]]>
              </value>
            </param>
          </params>
          <reporter-output>
          </reporter-output>
        </test-method> <!-- runScenario -->
        <test-method signature="runScenario(io.cucumber.testng.PickleWrapper,io.cucumber.testng.FeatureWrapper)[pri:0, instance:runner.TestRunner@942a29c]" started-at="2021-11-22T13:22:12 IST" name="runScenario" description="Runs Cucumber Scenarios" data-provider="scenarios" finished-at="2021-11-22T13:22:53 IST" duration-ms="40756" status="PASS">
          <params>
            <param index="0">
              <value>
                <![CDATA["Test Validating"]]>
              </value>
            </param>
            <param index="1">
              <value>
                <![CDATA["Optional[Testing Bigsmall]"]]>
              </value>
            </param>
          </params>
          <reporter-output>
          </reporter-output>
        </test-method> <!-- runScenario -->
        <test-method signature="runScenario(io.cucumber.testng.PickleWrapper,io.cucumber.testng.FeatureWrapper)[pri:0, instance:runner.TestRunner@942a29c]" started-at="2021-11-22T13:22:53 IST" name="runScenario" description="Runs Cucumber Scenarios" data-provider="scenarios" finished-at="2021-11-22T13:23:36 IST" duration-ms="43092" status="PASS">
          <params>
            <param index="0">
              <value>
                <![CDATA["Searching"]]>
              </value>
            </param>
            <param index="1">
              <value>
                <![CDATA["Optional[Testing Bigsmall]"]]>
              </value>
            </param>
          </params>
          <reporter-output>
          </reporter-output>
        </test-method> <!-- runScenario -->
        <test-method signature="runScenario(io.cucumber.testng.PickleWrapper,io.cucumber.testng.FeatureWrapper)[pri:0, instance:runner.TestRunner@942a29c]" started-at="2021-11-22T13:23:36 IST" name="runScenario" description="Runs Cucumber Scenarios" data-provider="scenarios" finished-at="2021-11-22T13:24:13 IST" duration-ms="37493" status="PASS">
          <params>
            <param index="0">
              <value>
                <![CDATA["pincode checking"]]>
              </value>
            </param>
            <param index="1">
              <value>
                <![CDATA["Optional[Testing Bigsmall]"]]>
              </value>
            </param>
          </params>
          <reporter-output>
          </reporter-output>
        </test-method> <!-- runScenario -->
        <test-method signature="runScenario(io.cucumber.testng.PickleWrapper,io.cucumber.testng.FeatureWrapper)[pri:0, instance:runner.TestRunner@942a29c]" started-at="2021-11-22T13:24:13 IST" name="runScenario" description="Runs Cucumber Scenarios" data-provider="scenarios" finished-at="2021-11-22T13:24:55 IST" duration-ms="41972" status="PASS">
          <params>
            <param index="0">
              <value>
                <![CDATA["Wish List"]]>
              </value>
            </param>
            <param index="1">
              <value>
                <![CDATA["Optional[Testing Bigsmall]"]]>
              </value>
            </param>
          </params>
          <reporter-output>
          </reporter-output>
        </test-method> <!-- runScenario -->
        <test-method signature="runScenario(io.cucumber.testng.PickleWrapper,io.cucumber.testng.FeatureWrapper)[pri:0, instance:runner.TestRunner@942a29c]" started-at="2021-11-22T13:24:55 IST" name="runScenario" description="Runs Cucumber Scenarios" data-provider="scenarios" finished-at="2021-11-22T13:25:20 IST" duration-ms="24445" status="PASS">
          <params>
            <param index="0">
              <value>
                <![CDATA["new Links"]]>
              </value>
            </param>
            <param index="1">
              <value>
                <![CDATA["Optional[Testing Bigsmall]"]]>
              </value>
            </param>
          </params>
          <reporter-output>
          </reporter-output>
        </test-method> <!-- runScenario -->
        <test-method signature="runScenario(io.cucumber.testng.PickleWrapper,io.cucumber.testng.FeatureWrapper)[pri:0, instance:runner.TestRunner@942a29c]" started-at="2021-11-22T13:25:20 IST" name="runScenario" description="Runs Cucumber Scenarios" data-provider="scenarios" finished-at="2021-11-22T13:25:45 IST" duration-ms="25521" status="PASS">
          <params>
            <param index="0">
              <value>
                <![CDATA["Footer"]]>
              </value>
            </param>
            <param index="1">
              <value>
                <![CDATA["Optional[Testing Bigsmall]"]]>
              </value>
            </param>
          </params>
          <reporter-output>
          </reporter-output>
        </test-method> <!-- runScenario -->
        <test-method signature="runScenario(io.cucumber.testng.PickleWrapper,io.cucumber.testng.FeatureWrapper)[pri:0, instance:runner.TestRunner@942a29c]" started-at="2021-11-22T13:25:45 IST" name="runScenario" description="Runs Cucumber Scenarios" data-provider="scenarios" finished-at="2021-11-22T13:26:26 IST" duration-ms="41115" status="PASS">
          <params>
            <param index="0">
              <value>
                <![CDATA["AddtoWishlist"]]>
              </value>
            </param>
            <param index="1">
              <value>
                <![CDATA["Optional[Testing Bigsmall]"]]>
              </value>
            </param>
          </params>
          <reporter-output>
          </reporter-output>
        </test-method> <!-- runScenario -->
        <test-method signature="runScenario(io.cucumber.testng.PickleWrapper,io.cucumber.testng.FeatureWrapper)[pri:0, instance:runner.TestRunner@942a29c]" started-at="2021-11-22T13:26:26 IST" name="runScenario" description="Runs Cucumber Scenarios" data-provider="scenarios" finished-at="2021-11-22T13:27:08 IST" duration-ms="41740" status="PASS">
          <params>
            <param index="0">
              <value>
                <![CDATA["MouseHover"]]>
              </value>
            </param>
            <param index="1">
              <value>
                <![CDATA["Optional[Testing Bigsmall]"]]>
              </value>
            </param>
          </params>
          <reporter-output>
          </reporter-output>
        </test-method> <!-- runScenario -->
        <test-method is-config="true" signature="tearDownClass()[pri:0, instance:runner.TestRunner@942a29c]" started-at="2021-11-22T13:27:08 IST" name="tearDownClass" finished-at="2021-11-22T13:27:08 IST" duration-ms="36" status="PASS">
          <reporter-output>
          </reporter-output>
        </test-method> <!-- tearDownClass -->
      </class> <!-- runner.TestRunner -->
    </test> <!-- Test -->
  </suite> <!-- Suite -->
</testng-results>
